<?xml version="1.0" encoding="UTF-8"?>
<!-- Generated by org.testng.reporters.JUnitReportReporter -->
<testsuite skipped="0" hostname="knoldus-Latitude-3520" name="NewTest" tests="1" failures="0" timestamp="2022-01-06T21:28:50 IST" time="0.003" errors="0">
  <testcase name="f" time="0.003" classname="NewTest"/>
  <system-out/>
</testsuite> <!-- NewTest -->
