<?xml version="1.0" encoding="UTF-8"?>
<!-- Generated by org.testng.reporters.JUnitReportReporter -->
<testsuite hostname="knoldus-Latitude-3520" name="NewTest" tests="1" failures="0" timestamp="28 Dec 2021 11:45:51 GMT" time="0.001" errors="0">
  <testcase name="f" time="0.001" classname="NewTest"/>
</testsuite> <!-- NewTest -->
