<?xml version="1.0" encoding="UTF-8"?>
<!-- Generated by org.testng.reporters.JUnitReportReporter -->
<testsuite skipped="0" hostname="knoldus-Latitude-3520" name="Kekalogin.Kekalogin.AppTest" tests="1" failures="0" timestamp="2022-01-06T21:41:14 IST" time="0.002" errors="0">
  <testcase name="shouldAnswerWithTrue" time="0.002" classname="Kekalogin.Kekalogin.AppTest"/>
  <system-out/>
</testsuite> <!-- Kekalogin.Kekalogin.AppTest -->
