<?xml version="1.0" encoding="UTF-8"?>
<!-- Generated by org.testng.reporters.JUnitReportReporter -->
<testsuite hostname="knoldus-Latitude-3520" name="Kekalogin.Kekalogin.AppTest" tests="1" failures="0" timestamp="28 Dec 2021 11:05:58 GMT" time="0.000" errors="0">
  <testcase name="shouldAnswerWithTrue" time="0.000" classname="Kekalogin.Kekalogin.AppTest"/>
</testsuite> <!-- Kekalogin.Kekalogin.AppTest -->
